#
# A fatal error has been detected by the Java Runtime Environment:
#
#  Internal Error (os_windows_x86.cpp:143), pid=6624, tid=6876
#  guarantee(result == EXCEPTION_CONTINUE_EXECUTION) failed: Unexpected result from topLevelExceptionFilter
#
# JRE version: Java(TM) SE Runtime Environment (7.0_45-b18) (build 1.7.0_45-b18)
# Java VM: Java HotSpot(TM) 64-Bit Server VM (24.45-b08 mixed mode windows-amd64 compressed oops)
# Failed to write core dump. Minidumps are not enabled by default on client versions of Windows
#
# If you would like to submit a bug report, please visit:
#   http://bugreport.sun.com/bugreport/crash.jsp
# The crash happened outside the Java Virtual Machine in native code.
# See problematic frame for where to report the bug.
#

---------------  T H R E A D  ---------------

Current thread (0x000000000c77e000):  JavaThread "Thread-2" [_thread_in_native, id=6876, stack(0x00000000102f0000,0x00000000103f0000)]

Stack: [0x00000000102f0000,0x00000000103f0000]
Java frames: (J=compiled Java code, j=interpreted, Vv=VM code)
j  sun.font.T2KFontScaler.getGlyphImageNative(Lsun/font/Font2D;JJI)J+0
j  sun.font.T2KFontScaler.getGlyphImage(JI)J+26
j  sun.font.FileFont.getGlyphImage(JI)J+6
J  sun.font.FileFontStrike.getGlyphImagePtrs([I[JI)V
J  sun.java2d.pipe.GlyphListPipe.drawString(Lsun/java2d/SunGraphics2D;Ljava/lang/String;DD)V
j  sun.java2d.pipe.ValidatePipe.drawString(Lsun/java2d/SunGraphics2D;Ljava/lang/String;DD)V+17
j  sun.java2d.SunGraphics2D.drawString(Ljava/lang/String;II)V+68
j  es.amadornes.openlauncher.gui.GUI.renderSidebar(Ljava/awt/Graphics2D;)V+247
j  es.amadornes.openlauncher.gui.GUI.renderBackground(Ljava/awt/Graphics;)V+36
j  es.amadornes.openlauncher.api.Frame.render(Ljava/awt/Graphics;)V+2
j  es.amadornes.openlauncher.api.Frame$12.run()V+45
j  java.lang.Thread.run()V+11
v  ~StubRoutines::call_stub

---------------  P R O C E S S  ---------------

Java Threads: ( => current thread )
  0x000000000c7c4800 JavaThread "Thread-1" daemon [_thread_in_native, id=5344, stack(0x000000000f860000,0x000000000f960000)]
  0x000000000c7c2800 JavaThread "Keep-Alive-Timer" daemon [_thread_blocked, id=6684, stack(0x000000000f560000,0x000000000f660000)]
  0x000000000c7be800 JavaThread "Thread-16" [_thread_blocked, id=956, stack(0x0000000014c10000,0x0000000014d10000)]
  0x000000000c7c1800 JavaThread "Thread-15" [_thread_blocked, id=5796, stack(0x00000000113f0000,0x00000000114f0000)]
  0x000000000c7c3000 JavaThread "Thread-14" [_thread_blocked, id=3796, stack(0x0000000014b10000,0x0000000014c10000)]
  0x000000000c7bd800 JavaThread "Thread-13" [_thread_blocked, id=6936, stack(0x0000000013ef0000,0x0000000013ff0000)]
  0x000000000c7c0800 JavaThread "Thread-12" [_thread_blocked, id=3936, stack(0x0000000013180000,0x0000000013280000)]
  0x000000000c7bf000 JavaThread "DestroyJavaVM" [_thread_blocked, id=952, stack(0x0000000001c00000,0x0000000001d00000)]
  0x000000000c71e800 JavaThread "AWT-EventQueue-0" [_thread_blocked, id=2836, stack(0x00000000109f0000,0x0000000010af0000)]
  0x000000000c70b800 JavaThread "Thread-8" [_thread_blocked, id=3904, stack(0x00000000108f0000,0x00000000109f0000)]
  0x000000000c704800 JavaThread "Thread-7" [_thread_blocked, id=4328, stack(0x00000000107f0000,0x00000000108f0000)]
  0x000000000c702000 JavaThread "Thread-6" [_thread_blocked, id=6024, stack(0x00000000106f0000,0x00000000107f0000)]
  0x000000000c701000 JavaThread "Thread-5" [_thread_in_vm, id=5576, stack(0x00000000105f0000,0x00000000106f0000)]
  0x000000000c784000 JavaThread "Thread-4" [_thread_blocked, id=5816, stack(0x00000000104f0000,0x00000000105f0000)]
  0x000000000c781000 JavaThread "Thread-3" [_thread_blocked, id=32, stack(0x00000000103f0000,0x00000000104f0000)]
=>0x000000000c77e000 JavaThread "Thread-2" [_thread_in_native, id=6876, stack(0x00000000102f0000,0x00000000103f0000)]
  0x000000000c69c000 JavaThread "AWT-Shutdown" [_thread_blocked, id=3044, stack(0x000000000cbd0000,0x000000000ccd0000)]
  0x000000000c5ee800 JavaThread "Java2D Disposer" daemon [_thread_blocked, id=5636, stack(0x000000000c960000,0x000000000ca60000)]
  0x000000000a232800 JavaThread "Service Thread" daemon [_thread_blocked, id=1604, stack(0x000000000bf60000,0x000000000c060000)]
  0x000000000a22d000 JavaThread "C2 CompilerThread1" daemon [_thread_blocked, id=5844, stack(0x000000000be60000,0x000000000bf60000)]
  0x000000000a22b000 JavaThread "C2 CompilerThread0" daemon [_thread_blocked, id=6552, stack(0x000000000bd60000,0x000000000be60000)]
  0x000000000a219000 JavaThread "JDWP Command Reader" daemon [_thread_in_native, id=908, stack(0x000000000bc60000,0x000000000bd60000)]
  0x000000000a215800 JavaThread "JDWP Event Helper Thread" daemon [_thread_blocked, id=6900, stack(0x000000000bb60000,0x000000000bc60000)]
  0x000000000a209000 JavaThread "JDWP Transport Listener: dt_socket" daemon [_thread_blocked, id=4592, stack(0x000000000ba60000,0x000000000bb60000)]
  0x000000000a202800 JavaThread "Attach Listener" daemon [_thread_blocked, id=4196, stack(0x000000000b680000,0x000000000b780000)]
  0x000000000a1ff000 JavaThread "Signal Dispatcher" daemon [_thread_blocked, id=4460, stack(0x000000000b580000,0x000000000b680000)]
  0x000000000a1cc800 JavaThread "Finalizer" daemon [_thread_blocked, id=6532, stack(0x000000000b480000,0x000000000b580000)]
  0x000000000a1c2800 JavaThread "Reference Handler" daemon [_thread_blocked, id=3288, stack(0x000000000b380000,0x000000000b480000)]

Other Threads:
  0x000000000a1bf800 VMThread [stack: 0x000000000b280000,0x000000000b380000] [id=5608]
  0x000000000a24b800 WatcherThread [stack: 0x000000000c060000,0x000000000c160000] [id=2232]

VM state:not at safepoint (normal execution)

VM Mutex/Monitor currently owned by a thread: None

Heap
 PSYoungGen      total 49664K, used 27229K [0x00000007d5800000, 0x00000007d9d80000, 0x0000000800000000)
  eden space 30208K, 87% used [0x00000007d5800000,0x00000007d71db1d8,0x00000007d7580000)
  from space 19456K, 3% used [0x00000007d8a80000,0x00000007d8b3c470,0x00000007d9d80000)
  to   space 20480K, 0% used [0x00000007d7580000,0x00000007d7580000,0x00000007d8980000)
 ParOldGen       total 87040K, used 33175K [0x0000000780800000, 0x0000000785d00000, 0x00000007d5800000)
  object space 87040K, 38% used [0x0000000780800000,0x0000000782865e30,0x0000000785d00000)
 PSPermGen       total 21504K, used 13228K [0x000000077b600000, 0x000000077cb00000, 0x0000000780800000)
  object space 21504K, 61% used [0x000000077b600000,0x000000077c2eb0a0,0x000000077cb00000)

Card table byte_map: [0x0000000004ec0000,0x00000000052f0000] byte_map_base: 0x00000000012e5000

Polling page: 0x0000000000390000

Code Cache  [0x0000000001e00000, 0x0000000002070000, 0x0000000004e00000)
 total_blobs=952 nmethods=492 adapters=420 free_code_cache=47401Kb largest_free_block=48506368

Compilation events (10 events):
Event: 101.218 Thread 0x000000000a22d000  504             java.lang.ref.Reference::<init> (7 bytes)
Event: 101.218 Thread 0x000000000a22d000 nmethod 504 0x0000000001fa6710 code [0x0000000001fa6840, 0x0000000001fa68d8]
Event: 101.338 Thread 0x000000000a22b000  505             java.util.EventObject::getSource (5 bytes)
Event: 101.338 Thread 0x000000000a22b000 nmethod 505 0x0000000001fa6510 code [0x0000000001fa6640, 0x0000000001fa66b8]
Event: 101.397 Thread 0x000000000a22d000  506             sun.java2d.pipe.ValidatePipe::validate (6 bytes)
Event: 101.398 Thread 0x000000000a22d000 nmethod 506 0x0000000001fb7310 code [0x0000000001fb7460, 0x0000000001fb75a8]
Event: 101.575 Thread 0x000000000a22b000  507             java.awt.Component::getFont_NoClientCode (29 bytes)
Event: 101.576 Thread 0x000000000a22b000 nmethod 507 0x0000000001fbb690 code [0x0000000001fbb7e0, 0x0000000001fbb8c8]
Event: 101.745 Thread 0x000000000a22d000  508             java.awt.image.ColorModel::<init> (345 bytes)
Event: 101.751 Thread 0x000000000a22d000 nmethod 508 0x0000000001fb8010 code [0x0000000001fb81a0, 0x0000000001fb8ab8]

GC Heap History (10 events):
Event: 53.356 GC heap before
{Heap before GC invocations=6 (full 0):
 PSYoungGen      total 37888K, used 37859K [0x00000007d5800000, 0x00000007d9f00000, 0x0000000800000000)
  eden space 32768K, 100% used [0x00000007d5800000,0x00000007d7800000,0x00000007d7800000)
  from space 5120K, 99% used [0x00000007d7880000,0x00000007d7d78d40,0x00000007d7d80000)
  to   space 19968K, 0% used [0x00000007d8b80000,0x00000007d8b80000,0x00000007d9f00000)
 ParOldGen       total 87040K, used 20886K [0x0000000780800000, 0x0000000785d00000, 0x00000007d5800000)
  object space 87040K, 23% used [0x0000000780800000,0x0000000781c65ac8,0x0000000785d00000)
 PSPermGen       total 21504K, used 13086K [0x000000077b600000, 0x000000077cb00000, 0x0000000780800000)
  object space 21504K, 60% used [0x000000077b600000,0x000000077c2c7a40,0x000000077cb00000)
Event: 53.362 GC heap after
Heap after GC invocations=6 (full 0):
 PSYoungGen      total 52224K, used 12932K [0x00000007d5800000, 0x00000007d9f80000, 0x0000000800000000)
  eden space 32256K, 0% used [0x00000007d5800000,0x00000007d5800000,0x00000007d7780000)
  from space 19968K, 64% used [0x00000007d8b80000,0x00000007d98211c0,0x00000007d9f00000)
  to   space 20480K, 0% used [0x00000007d7780000,0x00000007d7780000,0x00000007d8b80000)
 ParOldGen       total 87040K, used 20886K [0x0000000780800000, 0x0000000785d00000, 0x00000007d5800000)
  object space 87040K, 23% used [0x0000000780800000,0x0000000781c65ac8,0x0000000785d00000)
 PSPermGen       total 21504K, used 13086K [0x000000077b600000, 0x000000077cb00000, 0x0000000780800000)
  object space 21504K, 60% used [0x000000077b600000,0x000000077c2c7a40,0x000000077cb00000)
}
Event: 63.987 GC heap before
{Heap before GC invocations=7 (full 0):
 PSYoungGen      total 52224K, used 45188K [0x00000007d5800000, 0x00000007d9f80000, 0x0000000800000000)
  eden space 32256K, 100% used [0x00000007d5800000,0x00000007d7780000,0x00000007d7780000)
  from space 19968K, 64% used [0x00000007d8b80000,0x00000007d98211c0,0x00000007d9f00000)
  to   space 20480K, 0% used [0x00000007d7780000,0x00000007d7780000,0x00000007d8b80000)
 ParOldGen       total 87040K, used 20886K [0x0000000780800000, 0x0000000785d00000, 0x00000007d5800000)
  object space 87040K, 23% used [0x0000000780800000,0x0000000781c65ac8,0x0000000785d00000)
 PSPermGen       total 21504K, used 13118K [0x000000077b600000, 0x000000077cb00000, 0x0000000780800000)
  object space 21504K, 61% used [0x000000077b600000,0x000000077c2cf898,0x000000077cb00000)
Event: 63.992 GC heap after
Heap after GC invocations=7 (full 0):
 PSYoungGen      total 52224K, used 1107K [0x00000007d5800000, 0x00000007da000000, 0x0000000800000000)
  eden space 31744K, 0% used [0x00000007d5800000,0x00000007d5800000,0x00000007d7700000)
  from space 20480K, 5% used [0x00000007d7780000,0x00000007d7894d30,0x00000007d8b80000)
  to   space 20992K, 0% used [0x00000007d8b80000,0x00000007d8b80000,0x00000007da000000)
 ParOldGen       total 87040K, used 32844K [0x0000000780800000, 0x0000000785d00000, 0x00000007d5800000)
  object space 87040K, 37% used [0x0000000780800000,0x0000000782813060,0x0000000785d00000)
 PSPermGen       total 21504K, used 13118K [0x000000077b600000, 0x000000077cb00000, 0x0000000780800000)
  object space 21504K, 61% used [0x000000077b600000,0x000000077c2cf898,0x000000077cb00000)
}
Event: 73.879 GC heap before
{Heap before GC invocations=8 (full 0):
 PSYoungGen      total 52224K, used 32851K [0x00000007d5800000, 0x00000007da000000, 0x0000000800000000)
  eden space 31744K, 100% used [0x00000007d5800000,0x00000007d7700000,0x00000007d7700000)
  from space 20480K, 5% used [0x00000007d7780000,0x00000007d7894d30,0x00000007d8b80000)
  to   space 20992K, 0% used [0x00000007d8b80000,0x00000007d8b80000,0x00000007da000000)
 ParOldGen       total 87040K, used 32844K [0x0000000780800000, 0x0000000785d00000, 0x00000007d5800000)
  object space 87040K, 37% used [0x0000000780800000,0x0000000782813060,0x0000000785d00000)
 PSPermGen       total 21504K, used 13147K [0x000000077b600000, 0x000000077cb00000, 0x0000000780800000)
  object space 21504K, 61% used [0x000000077b600000,0x000000077c2d6cf0,0x000000077cb00000)
Event: 73.881 GC heap after
Heap after GC invocations=8 (full 0):
 PSYoungGen      total 51712K, used 914K [0x00000007d5800000, 0x00000007d9f80000, 0x0000000800000000)
  eden space 31232K, 0% used [0x00000007d5800000,0x00000007d5800000,0x00000007d7680000)
  from space 20480K, 4% used [0x00000007d8b80000,0x00000007d8c64b10,0x00000007d9f80000)
  to   space 20992K, 0% used [0x00000007d7680000,0x00000007d7680000,0x00000007d8b00000)
 ParOldGen       total 87040K, used 33030K [0x0000000780800000, 0x0000000785d00000, 0x00000007d5800000)
  object space 87040K, 37% used [0x0000000780800000,0x0000000782841980,0x0000000785d00000)
 PSPermGen       total 21504K, used 13147K [0x000000077b600000, 0x000000077cb00000, 0x0000000780800000)
  object space 21504K, 61% used [0x000000077b600000,0x000000077c2d6cf0,0x000000077cb00000)
}
Event: 83.471 GC heap before
{Heap before GC invocations=9 (full 0):
 PSYoungGen      total 51712K, used 32146K [0x00000007d5800000, 0x00000007d9f80000, 0x0000000800000000)
  eden space 31232K, 100% used [0x00000007d5800000,0x00000007d7680000,0x00000007d7680000)
  from space 20480K, 4% used [0x00000007d8b80000,0x00000007d8c64b10,0x00000007d9f80000)
  to   space 20992K, 0% used [0x00000007d7680000,0x00000007d7680000,0x00000007d8b00000)
 ParOldGen       total 87040K, used 33030K [0x0000000780800000, 0x0000000785d00000, 0x00000007d5800000)
  object space 87040K, 37% used [0x0000000780800000,0x0000000782841980,0x0000000785d00000)
 PSPermGen       total 21504K, used 13157K [0x000000077b600000, 0x000000077cb00000, 0x0000000780800000)
  object space 21504K, 61% used [0x000000077b600000,0x000000077c2d9708,0x000000077cb00000)
Event: 83.472 GC heap after
Heap after GC invocations=9 (full 0):
 PSYoungGen      total 31744K, used 850K [0x00000007d5800000, 0x00000007d9f00000, 0x0000000800000000)
  eden space 30720K, 0% used [0x00000007d5800000,0x00000007d5800000,0x00000007d7600000)
  from space 1024K, 83% used [0x00000007d7680000,0x00000007d7754b10,0x00000007d7780000)
  to   space 20992K, 0% used [0x00000007d8a80000,0x00000007d8a80000,0x00000007d9f00000)
 ParOldGen       total 87040K, used 33143K [0x0000000780800000, 0x0000000785d00000, 0x00000007d5800000)
  object space 87040K, 38% used [0x0000000780800000,0x000000078285de30,0x0000000785d00000)
 PSPermGen       total 21504K, used 13157K [0x000000077b600000, 0x000000077cb00000, 0x0000000780800000)
  object space 21504K, 61% used [0x000000077b600000,0x000000077c2d9708,0x000000077cb00000)
}
Event: 93.305 GC heap before
{Heap before GC invocations=10 (full 0):
 PSYoungGen      total 31744K, used 31570K [0x00000007d5800000, 0x00000007d9f00000, 0x0000000800000000)
  eden space 30720K, 100% used [0x00000007d5800000,0x00000007d7600000,0x00000007d7600000)
  from space 1024K, 83% used [0x00000007d7680000,0x00000007d7754b10,0x00000007d7780000)
  to   space 20992K, 0% used [0x00000007d8a80000,0x00000007d8a80000,0x00000007d9f00000)
 ParOldGen       total 87040K, used 33143K [0x0000000780800000, 0x0000000785d00000, 0x00000007d5800000)
  object space 87040K, 38% used [0x0000000780800000,0x000000078285de30,0x0000000785d00000)
 PSPermGen       total 21504K, used 13182K [0x000000077b600000, 0x000000077cb00000, 0x0000000780800000)
  object space 21504K, 61% used [0x000000077b600000,0x000000077c2dfb68,0x000000077cb00000)
Event: 93.307 GC heap after
Heap after GC invocations=10 (full 0):
 PSYoungGen      total 49664K, used 753K [0x00000007d5800000, 0x00000007d9d80000, 0x0000000800000000)
  eden space 30208K, 0% used [0x00000007d5800000,0x00000007d5800000,0x00000007d7580000)
  from space 19456K, 3% used [0x00000007d8a80000,0x00000007d8b3c470,0x00000007d9d80000)
  to   space 20480K, 0% used [0x00000007d7580000,0x00000007d7580000,0x00000007d8980000)
 ParOldGen       total 87040K, used 33175K [0x0000000780800000, 0x0000000785d00000, 0x00000007d5800000)
  object space 87040K, 38% used [0x0000000780800000,0x0000000782865e30,0x0000000785d00000)
 PSPermGen       total 21504K, used 13182K [0x000000077b600000, 0x000000077cb00000, 0x0000000780800000)
  object space 21504K, 61% used [0x000000077b600000,0x000000077c2dfb68,0x000000077cb00000)
}

Deoptimization events (10 events):
Event: 74.595 Thread 0x000000000c77e000 Uncommon trap: reason=unhandled action=none pc=0x0000000001e9805c method=java.lang.Integer.parseInt(Ljava/lang/String;I)I @ 204
Event: 82.188 Thread 0x000000000c77e000 Uncommon trap: reason=unhandled action=none pc=0x0000000001e9805c method=java.lang.Integer.parseInt(Ljava/lang/String;I)I @ 204
Event: 90.391 Thread 0x000000000c77e000 Uncommon trap: reason=unhandled action=none pc=0x0000000001e9805c method=java.lang.Integer.parseInt(Ljava/lang/String;I)I @ 204
Event: 97.903 Thread 0x000000000c77e000 Uncommon trap: reason=unhandled action=none pc=0x0000000001e9805c method=java.lang.Integer.parseInt(Ljava/lang/String;I)I @ 204
Event: 101.836 Thread 0x000000000c77e000 Uncommon trap: reason=unloaded action=reinterpret pc=0x0000000001f9b63c method=javax.imageio.stream.ImageInputStreamImpl.checkClosed()V @ 7
Event: 101.837 Thread 0x000000000c77e000 Uncommon trap: reason=unloaded action=reinterpret pc=0x0000000001f41110 method=javax.imageio.stream.ImageInputStreamImpl.checkClosed()V @ 7
Event: 101.837 Thread 0x000000000c77e000 Uncommon trap: reason=class_check action=maybe_recompile pc=0x0000000001fb2c14 method=sun.java2d.SunGraphics2D.drawString(Ljava/lang/String;II)V @ 68
Event: 101.837 Thread 0x000000000c77e000 Uncommon trap: reason=null_check action=make_not_entrant pc=0x0000000001f725a8 method=sun.font.Font2D.getStrike(Lsun/font/FontStrikeDesc;Z)Lsun/font/FontStrike; @ 36
Event: 101.837 Thread 0x000000000c77e000 Uncommon trap: reason=unreached action=reinterpret pc=0x0000000001fa7c3c method=java.util.concurrent.ConcurrentHashMap.get(Ljava/lang/Object;)Ljava/lang/Object; @ 89
Event: 101.837 Thread 0x000000000c77e000 Uncommon trap: reason=unreached action=reinterpret pc=0x0000000001efc544 method=java.util.concurrent.ConcurrentHashMap.get(Ljava/lang/Object;)Ljava/lang/Object; @ 89

Internal exceptions (10 events):
Event: 4.314 Thread 0x000000000c77e000 Threw 0x00000007d6705380 at C:\re\jdk7u45\229\hotspot\src\share\vm\interpreter\linkResolver.cpp:883
Event: 4.388 Thread 0x000000000c77e000 Threw 0x00000007d6740ee8 at C:\re\jdk7u45\229\hotspot\src\share\vm\interpreter\linkResolver.cpp:883
Event: 4.461 Thread 0x000000000c77e000 Threw 0x00000007d677bff8 at C:\re\jdk7u45\229\hotspot\src\share\vm\interpreter\linkResolver.cpp:883
Event: 4.535 Thread 0x000000000c77e000 Threw 0x00000007d67b7058 at C:\re\jdk7u45\229\hotspot\src\share\vm\interpreter\linkResolver.cpp:883
Event: 4.610 Thread 0x000000000c77e000 Threw 0x00000007d67f30a8 at C:\re\jdk7u45\229\hotspot\src\share\vm\interpreter\linkResolver.cpp:883
Event: 4.636 Thread 0x000000000c71e800 Implicit null exception at 0x0000000001f0d4f6 to 0x0000000001f0d6bd
Event: 4.685 Thread 0x000000000c77e000 Threw 0x00000007d682e168 at C:\re\jdk7u45\229\hotspot\src\share\vm\interpreter\linkResolver.cpp:883
Event: 101.837 Thread 0x000000000c77e000 Implicit null exception at 0x0000000001f71b43 to 0x0000000001f72589
Event: 101.837 Thread 0x000000000c77e000 Threw 0x00000007d70ef1c8 at C:\re\jdk7u45\229\hotspot\src\share\vm\prims\jni.cpp:717
Event: 101.838 Thread 0x000000000c77e000 Threw 0x00000007d70f20a0 at C:\re\jdk7u45\229\hotspot\src\share\vm\prims\jni.cpp:717

Events (10 events):
Event: 101.838 loading class 0x000000000c6ff0e0
Event: 101.847 loading class 0x000000000c6ff0e0 done
Event: 101.847 loading class 0x0000000001d8ba50
Event: 101.847 loading class 0x0000000001d8ba50 done
Event: 101.847 loading class 0x0000000001d8ba10
Event: 101.847 loading class 0x0000000001d8b8d0
Event: 101.847 loading class 0x0000000001d8b8d0 done
Event: 101.847 loading class 0x0000000001d8ba10 done
Event: 101.848 loading class 0x000000000c950990
Event: 101.852 loading class 0x000000000c950990 done


Dynamic libraries:
0x00007ff673090000 - 0x00007ff6730c3000 	C:\Program Files\Java\jre7\bin\javaw.exe
0x00007ff8a4d80000 - 0x00007ff8a4f29000 	C:\Windows\SYSTEM32\ntdll.dll
0x00007ff8a2b50000 - 0x00007ff8a2c89000 	C:\Windows\system32\KERNEL32.DLL
0x00007ff8a2220000 - 0x00007ff8a232e000 	C:\Windows\system32\KERNELBASE.dll
0x00007ff8a02f0000 - 0x00007ff8a037b000 	C:\Windows\system32\apphelp.dll
0x00007ff89e730000 - 0x00007ff89e77f000 	C:\Windows\AppPatch\AppPatch64\AcGenral.DLL
0x00007ff8a3370000 - 0x00007ff8a3417000 	C:\Windows\system32\msvcrt.dll
0x00007ff8a1fb0000 - 0x00007ff8a1fdb000 	C:\Windows\SYSTEM32\SspiCli.dll
0x00007ff8a3300000 - 0x00007ff8a3351000 	C:\Windows\system32\SHLWAPI.dll
0x00007ff8a2610000 - 0x00007ff8a2781000 	C:\Windows\system32\USER32.dll
0x00007ff8a2d30000 - 0x00007ff8a2ea6000 	C:\Windows\system32\ole32.dll
0x00007ff8a3480000 - 0x00007ff8a488f000 	C:\Windows\system32\SHELL32.dll
0x00007ff8a1770000 - 0x00007ff8a178f000 	C:\Windows\SYSTEM32\USERENV.dll
0x00007ff8a4890000 - 0x00007ff8a4935000 	C:\Windows\system32\ADVAPI32.dll
0x00007ff8978c0000 - 0x00007ff8978db000 	C:\Windows\SYSTEM32\MPR.dll
0x00007ff8a2eb0000 - 0x00007ff8a2fe6000 	C:\Windows\system32\RPCRT4.dll
0x00007ff8a4d00000 - 0x00007ff8a4d57000 	C:\Windows\SYSTEM32\sechost.dll
0x00007ff8a3120000 - 0x00007ff8a32f7000 	C:\Windows\SYSTEM32\combase.dll
0x00007ff8a4a90000 - 0x00007ff8a4bd5000 	C:\Windows\system32\GDI32.dll
0x00007ff8a2100000 - 0x00007ff8a2114000 	C:\Windows\SYSTEM32\profapi.dll
0x00007ff8a0fc0000 - 0x00007ff8a1061000 	C:\Windows\SYSTEM32\SHCORE.dll
0x00007ff8a2970000 - 0x00007ff8a29a4000 	C:\Windows\system32\IMM32.DLL
0x00007ff8a4940000 - 0x00007ff8a4a78000 	C:\Windows\system32\MSCTF.dll
0x00007ff8a1210000 - 0x00007ff8a146a000 	C:\Windows\WinSxS\amd64_microsoft.windows.common-controls_6595b64144ccf1df_6.0.9600.16384_none_62475f7becb72503\COMCTL32.dll
0x0000000067ca0000 - 0x0000000067d72000 	C:\Program Files\Java\jre7\bin\msvcr100.dll
0x00000000674d0000 - 0x0000000067c99000 	C:\Program Files\Java\jre7\bin\server\jvm.dll
0x00007ff895e80000 - 0x00007ff895e89000 	C:\Windows\SYSTEM32\WSOCK32.dll
0x00007ff89e940000 - 0x00007ff89e95f000 	C:\Windows\SYSTEM32\WINMM.dll
0x00007ff8a4d70000 - 0x00007ff8a4d77000 	C:\Windows\system32\PSAPI.DLL
0x00007ff8a3420000 - 0x00007ff8a3478000 	C:\Windows\system32\WS2_32.dll
0x00007ff89db20000 - 0x00007ff89db4a000 	C:\Windows\SYSTEM32\WINMMBASE.dll
0x00007ff8a4a80000 - 0x00007ff8a4a89000 	C:\Windows\system32\NSI.dll
0x00007ff8a21d0000 - 0x00007ff8a221a000 	C:\Windows\SYSTEM32\cfgmgr32.dll
0x00007ff8a0540000 - 0x00007ff8a0566000 	C:\Windows\SYSTEM32\DEVOBJ.dll
0x00000000674c0000 - 0x00000000674cf000 	C:\Program Files\Java\jre7\bin\verify.dll
0x0000000067490000 - 0x00000000674b8000 	C:\Program Files\Java\jre7\bin\java.dll
0x0000000067390000 - 0x00000000673c5000 	C:\Program Files\Java\jre7\bin\jdwp.dll
0x0000000067380000 - 0x0000000067388000 	C:\Program Files\Java\jre7\bin\npt.dll
0x0000000067470000 - 0x0000000067485000 	C:\Program Files\Java\jre7\bin\zip.dll
0x0000000067370000 - 0x0000000067379000 	C:\Program Files\Java\jre7\bin\dt_socket.dll
0x00007ff899df0000 - 0x00007ff899e04000 	C:\Windows\system32\napinsp.dll
0x00007ff899e10000 - 0x00007ff899e29000 	C:\Windows\system32\pnrpnsp.dll
0x00007ff89d700000 - 0x00007ff89d719000 	C:\Windows\system32\NLAapi.dll
0x00007ff8a19c0000 - 0x00007ff8a1a18000 	C:\Windows\System32\mswsock.dll
0x00007ff8a17d0000 - 0x00007ff8a1873000 	C:\Windows\SYSTEM32\DNSAPI.dll
0x00007ff899e30000 - 0x00007ff899e3c000 	C:\Windows\System32\winrnr.dll
0x00007ff899fa0000 - 0x00007ff899fb3000 	C:\Windows\system32\wshbth.dll
0x00007ff89cd90000 - 0x00007ff89cdf7000 	C:\Windows\System32\fwpuclnt.dll
0x00007ff89bca0000 - 0x00007ff89bca9000 	C:\Windows\System32\rasadhlp.dll
0x00000000671d0000 - 0x0000000067365000 	C:\Program Files\Java\jre7\bin\awt.dll
0x00007ff8a4be0000 - 0x00007ff8a4c97000 	C:\Windows\system32\OLEAUT32.dll
0x00007ff8a1a20000 - 0x00007ff8a1a3e000 	C:\Windows\SYSTEM32\CRYPTSP.dll
0x00007ff8a1660000 - 0x00007ff8a1695000 	C:\Windows\system32\rsaenh.dll
0x00007ff8a1f00000 - 0x00007ff8a1f26000 	C:\Windows\SYSTEM32\bcrypt.dll
0x00007ff8a1fe0000 - 0x00007ff8a203e000 	C:\Windows\system32\bcryptprimitives.dll
0x00007ff8a2040000 - 0x00007ff8a204a000 	C:\Windows\SYSTEM32\CRYPTBASE.dll
0x0000000067450000 - 0x0000000067469000 	C:\Program Files\Java\jre7\bin\net.dll
0x00007ff89d310000 - 0x00007ff89d339000 	C:\Windows\SYSTEM32\IPHLPAPI.DLL
0x00007ff89d300000 - 0x00007ff89d30a000 	C:\Windows\SYSTEM32\WINNSI.DLL
0x0000000067430000 - 0x0000000067441000 	C:\Program Files\Java\jre7\bin\nio.dll
0x0000000067180000 - 0x00000000671c6000 	C:\Program Files\Java\jre7\bin\fontmanager.dll
0x00007ff89fbb0000 - 0x00007ff89fbd1000 	C:\Windows\system32\DWMAPI.DLL
0x00007ff8a03b0000 - 0x00007ff8a04d2000 	C:\Windows\system32\uxtheme.dll
0x00007ff8a02c0000 - 0x00007ff8a02ca000 	C:\Windows\SYSTEM32\kernel.appcore.dll
0x0000000067130000 - 0x0000000067171000 	C:\Program Files\Java\jre7\bin\t2k.dll
0x0000000067400000 - 0x0000000067424000 	C:\Program Files\Java\jre7\bin\sunec.dll
0x00000000673f0000 - 0x00000000673fb000 	C:\Program Files\Java\jre7\bin\sunmscapi.dll
0x00007ff8a2330000 - 0x00007ff8a2507000 	C:\Windows\system32\CRYPT32.dll
0x00007ff8a21b0000 - 0x00007ff8a21c2000 	C:\Windows\system32\MSASN1.dll
0x0000000067100000 - 0x0000000067130000 	C:\Program Files\Java\jre7\bin\jpeg.dll

VM Arguments:
jvm_args: -agentlib:jdwp=transport=dt_socket,suspend=y,address=localhost:55007 -Dfile.encoding=Cp1252 
java_command: es.amadornes.openlauncher.OpenLaucher
Launcher Type: SUN_STANDARD

Environment Variables:
PATH=C:\Windows\system32;C:\Windows;C:\Windows\System32\Wbem;C:\Windows\System32\WindowsPowerShell\v1.0\;C:\Program Files (x86)\ATI Technologies\ATI.ACE\Core-Static
USERNAME=David
OS=Windows_NT
PROCESSOR_IDENTIFIER=Intel64 Family 6 Model 42 Stepping 7, GenuineIntel



---------------  S Y S T E M  ---------------

OS: Windows 8 , 64 bit Build 9200 

CPU:total 4 (4 cores per cpu, 1 threads per core) family 6 model 42 stepping 7, cmov, cx8, fxsr, mmx, sse, sse2, sse3, ssse3, sse4.1, sse4.2, popcnt, avx, aes, tsc, tscinvbit

Memory: 4k page, physical 8354956k(5285020k free), swap 16743564k(11718316k free)

vm_info: Java HotSpot(TM) 64-Bit Server VM (24.45-b08) for windows-amd64 JRE (1.7.0_45-b18), built on Oct  8 2013 05:47:22 by "java_re" with unknown MS VC++:1600

time: Fri Dec 27 00:00:43 2013
elapsed time: 101 seconds

